<?xml version="1.0" encoding="UTF-8"?>
<!-- Generated by org.testng.reporters.JUnitReportReporter -->
<testsuite name="testcases.CreateLeadWrappers" tests="1" time="14.510" ignored="0" failures="0" timestamp="09 May 2017 11:08:45 GMT" skipped="0" hostname="CHN194" errors="0">
  <testcase name="createLead" time="14.510" classname="testcases.CreateLeadWrappers"/>
</testsuite> <!-- testcases.CreateLeadWrappers -->
