<?xml version="1.0" encoding="UTF-8"?>
<!-- Generated by org.testng.reporters.JUnitReportReporter -->
<testsuite name="testcases.EditLeadWrappers" tests="1" time="0.000" ignored="16" failures="0" timestamp="28 Jan 2017 12:32:26 GMT" skipped="1" hostname="CHN194" errors="0">
  <testcase name="editLead" time="0.000" classname="testcases.EditLeadWrappers">
    <skipped/>
  </testcase> <!-- editLead -->
  <testcase name="afterTest" classname="wrappers.LeafTapLogin">
    <skipped/>
  </testcase> <!-- afterTest -->
  <testcase name="afterTest" classname="wrappers.LeafTapLogin">
    <skipped/>
  </testcase> <!-- afterTest -->
  <testcase name="afterTest" classname="wrappers.LeafTapLogin">
    <skipped/>
  </testcase> <!-- afterTest -->
  <testcase name="afterTest" classname="wrappers.LeafTapLogin">
    <skipped/>
  </testcase> <!-- afterTest -->
  <testcase name="beforeSuite" classname="wrappers.LeafTapLogin">
    <skipped/>
  </testcase> <!-- beforeSuite -->
  <testcase name="beforeSuite" classname="wrappers.LeafTapLogin">
    <skipped/>
  </testcase> <!-- beforeSuite -->
  <testcase name="beforeSuite" classname="wrappers.LeafTapLogin">
    <skipped/>
  </testcase> <!-- beforeSuite -->
  <testcase name="beforeSuite" classname="wrappers.LeafTapLogin">
    <skipped/>
  </testcase> <!-- beforeSuite -->
  <testcase name="beforeTest" classname="wrappers.LeafTapLogin">
    <skipped/>
  </testcase> <!-- beforeTest -->
  <testcase name="beforeTest" classname="wrappers.LeafTapLogin">
    <skipped/>
  </testcase> <!-- beforeTest -->
  <testcase name="beforeTest" classname="wrappers.LeafTapLogin">
    <skipped/>
  </testcase> <!-- beforeTest -->
  <testcase name="beforeTest" classname="wrappers.LeafTapLogin">
    <skipped/>
  </testcase> <!-- beforeTest -->
  <testcase name="afterSuite" classname="wrappers.LeafTapLogin">
    <skipped/>
  </testcase> <!-- afterSuite -->
  <testcase name="afterSuite" classname="wrappers.LeafTapLogin">
    <skipped/>
  </testcase> <!-- afterSuite -->
  <testcase name="afterSuite" classname="wrappers.LeafTapLogin">
    <skipped/>
  </testcase> <!-- afterSuite -->
  <testcase name="afterSuite" classname="wrappers.LeafTapLogin">
    <skipped/>
  </testcase> <!-- afterSuite -->
</testsuite> <!-- testcases.EditLeadWrappers -->
