<?xml version="1.0" encoding="UTF-8"?>
<!-- Generated by org.testng.reporters.JUnitReportReporter -->
<testsuite name="annotations.Annotations" tests="2" time="0.016" ignored="0" failures="0" timestamp="21 Apr 2017 09:46:52 GMT" skipped="0" hostname="CHN194" errors="0">
  <testcase name="deleteLead" time="0.002" classname="annotations.Annotations"/>
  <testcase name="createLead" time="0.014" classname="annotations.Annotations"/>
</testsuite> <!-- annotations.Annotations -->
