<?xml version="1.0" encoding="UTF-8"?>
<!-- Generated by org.testng.reporters.JUnitReportReporter -->
<testsuite name="testcases.MergeLeadWrappers" tests="1" time="47.803" ignored="16" failures="0" timestamp="28 Jan 2017 12:32:26 GMT" skipped="0" hostname="CHN194" errors="1">
  <testcase name="mergeLeadWrappers" time="47.803" classname="testcases.MergeLeadWrappers">
    <error type="java.lang.RuntimeException" message="Runtime Exception">
      <![CDATA[java.lang.RuntimeException: Runtime Exception
	at wrappers.GenericWrappers.clickByXpathNoSnap(GenericWrappers.java:721)
	at testcases.MergeLeadWrappers.mergeLeadWrappers(MergeLeadWrappers.java:26)
	at sun.reflect.NativeMethodAccessorImpl.invoke0(Native Method)
	at sun.reflect.NativeMethodAccessorImpl.invoke(Unknown Source)
	at sun.reflect.DelegatingMethodAccessorImpl.invoke(Unknown Source)
	at java.lang.reflect.Method.invoke(Unknown Source)
	at org.testng.internal.MethodInvocationHelper.invokeMethod(MethodInvocationHelper.java:104)
	at org.testng.internal.Invoker.invokeMethod(Invoker.java:645)
	at org.testng.internal.Invoker.invokeTestMethod(Invoker.java:851)
	at org.testng.internal.Invoker.invokeTestMethods(Invoker.java:1177)
	at org.testng.internal.TestMethodWorker.invokeTestMethods(TestMethodWorker.java:129)
	at org.testng.internal.TestMethodWorker.run(TestMethodWorker.java:112)
	at org.testng.TestRunner.privateRun(TestRunner.java:756)
	at org.testng.TestRunner.run(TestRunner.java:610)
	at org.testng.SuiteRunner.runTest(SuiteRunner.java:387)
	at org.testng.SuiteRunner.runSequentially(SuiteRunner.java:382)
	at org.testng.SuiteRunner.privateRun(SuiteRunner.java:340)
	at org.testng.SuiteRunner.run(SuiteRunner.java:289)
	at org.testng.SuiteRunnerWorker.runSuite(SuiteRunnerWorker.java:52)
	at org.testng.SuiteRunnerWorker.run(SuiteRunnerWorker.java:86)
	at org.testng.TestNG.runSuitesSequentially(TestNG.java:1293)
	at org.testng.TestNG.runSuitesLocally(TestNG.java:1218)
	at org.testng.TestNG.runSuites(TestNG.java:1133)
	at org.testng.TestNG.run(TestNG.java:1104)
	at org.testng.remote.AbstractRemoteTestNG.run(AbstractRemoteTestNG.java:132)
	at org.testng.remote.RemoteTestNG.initAndRun(RemoteTestNG.java:236)
	at org.testng.remote.RemoteTestNG.main(RemoteTestNG.java:81)
]]>
    </error>
  </testcase> <!-- mergeLeadWrappers -->
  <testcase name="afterTest" classname="wrappers.LeafTapLogin">
    <skipped/>
  </testcase> <!-- afterTest -->
  <testcase name="afterTest" classname="wrappers.LeafTapLogin">
    <skipped/>
  </testcase> <!-- afterTest -->
  <testcase name="afterTest" classname="wrappers.LeafTapLogin">
    <skipped/>
  </testcase> <!-- afterTest -->
  <testcase name="afterTest" classname="wrappers.LeafTapLogin">
    <skipped/>
  </testcase> <!-- afterTest -->
  <testcase name="beforeSuite" classname="wrappers.LeafTapLogin">
    <skipped/>
  </testcase> <!-- beforeSuite -->
  <testcase name="beforeSuite" classname="wrappers.LeafTapLogin">
    <skipped/>
  </testcase> <!-- beforeSuite -->
  <testcase name="beforeSuite" classname="wrappers.LeafTapLogin">
    <skipped/>
  </testcase> <!-- beforeSuite -->
  <testcase name="beforeSuite" classname="wrappers.LeafTapLogin">
    <skipped/>
  </testcase> <!-- beforeSuite -->
  <testcase name="beforeTest" classname="wrappers.LeafTapLogin">
    <skipped/>
  </testcase> <!-- beforeTest -->
  <testcase name="beforeTest" classname="wrappers.LeafTapLogin">
    <skipped/>
  </testcase> <!-- beforeTest -->
  <testcase name="beforeTest" classname="wrappers.LeafTapLogin">
    <skipped/>
  </testcase> <!-- beforeTest -->
  <testcase name="beforeTest" classname="wrappers.LeafTapLogin">
    <skipped/>
  </testcase> <!-- beforeTest -->
  <testcase name="afterSuite" classname="wrappers.LeafTapLogin">
    <skipped/>
  </testcase> <!-- afterSuite -->
  <testcase name="afterSuite" classname="wrappers.LeafTapLogin">
    <skipped/>
  </testcase> <!-- afterSuite -->
  <testcase name="afterSuite" classname="wrappers.LeafTapLogin">
    <skipped/>
  </testcase> <!-- afterSuite -->
  <testcase name="afterSuite" classname="wrappers.LeafTapLogin">
    <skipped/>
  </testcase> <!-- afterSuite -->
</testsuite> <!-- testcases.MergeLeadWrappers -->
