<?xml version="1.0" encoding="UTF-8"?>
<!-- Generated by org.testng.reporters.JUnitReportReporter -->
<testsuite name="testcases.TC004_EditLead" tests="1" time="16.902" ignored="0" failures="0" timestamp="20 Jun 2017 11:43:23 GMT" skipped="0" hostname="CHN194" errors="0">
  <testcase name="EditLead" time="16.902" classname="testcases.TC004_EditLead"/>
</testsuite> <!-- testcases.TC004_EditLead -->
