<?xml version="1.0" encoding="UTF-8"?>
<!-- Generated by org.testng.reporters.JUnitReportReporter -->
<testsuite name="testcases.TC003_CreateLead" tests="1" time="17.398" ignored="0" failures="0" timestamp="20 Jun 2017 11:42:11 GMT" skipped="0" hostname="CHN194" errors="0">
  <testcase name="createlead" time="17.398" classname="testcases.TC003_CreateLead"/>
</testsuite> <!-- testcases.TC003_CreateLead -->
