<?xml version="1.0" encoding="UTF-8"?>
<!-- Generated by org.testng.reporters.JUnitReportReporter -->
<testsuite name="testcases.TC001_Login" tests="2" time="17.535" ignored="4" failures="0" timestamp="13 Jun 2017 06:27:04 GMT" skipped="0" hostname="CHN194" errors="0">
  <testcase name="login" time="8.410" classname="testcases.TC001_Login"/>
  <testcase name="login" time="9.125" classname="testcases.TC001_Login"/>
  <testcase name="beforeTest" classname="wrappers.LeafTapsWrappers">
    <skipped/>
  </testcase> <!-- beforeTest -->
  <testcase name="afterSuite" classname="wrappers.LeafTapsWrappers">
    <skipped/>
  </testcase> <!-- afterSuite -->
  <testcase name="beforeSuite" classname="wrappers.LeafTapsWrappers">
    <skipped/>
  </testcase> <!-- beforeSuite -->
  <testcase name="afterTest" classname="wrappers.LeafTapsWrappers">
    <skipped/>
  </testcase> <!-- afterTest -->
</testsuite> <!-- testcases.TC001_Login -->
