<?xml version="1.0" encoding="UTF-8"?>
<!-- Generated by org.testng.reporters.JUnitReportReporter -->
<testsuite name="testcases.TC002_LoginFailure" tests="4" time="36.103" ignored="4" failures="0" timestamp="13 Jun 2017 06:27:04 GMT" skipped="0" hostname="CHN194" errors="0">
  <testcase name="login" time="8.398" classname="testcases.TC002_LoginFailure"/>
  <testcase name="login" time="8.248" classname="testcases.TC002_LoginFailure"/>
  <testcase name="login" time="9.495" classname="testcases.TC002_LoginFailure"/>
  <testcase name="login" time="9.962" classname="testcases.TC002_LoginFailure"/>
  <testcase name="beforeTest" classname="wrappers.LeafTapsWrappers">
    <skipped/>
  </testcase> <!-- beforeTest -->
  <testcase name="afterSuite" classname="wrappers.LeafTapsWrappers">
    <skipped/>
  </testcase> <!-- afterSuite -->
  <testcase name="beforeSuite" classname="wrappers.LeafTapsWrappers">
    <skipped/>
  </testcase> <!-- beforeSuite -->
  <testcase name="afterTest" classname="wrappers.LeafTapsWrappers">
    <skipped/>
  </testcase> <!-- afterTest -->
</testsuite> <!-- testcases.TC002_LoginFailure -->
